[LOG] System::create                           : Header version = 2.02.20. Current version = 2.02.20.
[LOG] Manager::init                            : maxchannels = 256 studioflags = 00000006 flags 00000000 extradriverdata 0000000000000000.
[LOG] SystemI::init                            : Initialize version=20220 (139317), maxchannels=256, flags=0x00020000
[LOG] SystemI::setOutputInternal               : Setting output to 'FMOD WASAPI Output'
[LOG] OutputWASAPI::init                       : Mix Format (WAVEFORMATEX): wFormatTag=0xFFFE, nChannels=2, nSamplesPerSec=48000, nAvgBytesPerSec=384000, nBlockAlign=8, wBitsPerSample=32, cbSize=22.
[LOG] OutputWASAPI::init                       : Mix Format (WAVEFORMATEXTENSIBLE): wValidBitsPerSample=32, dwChannelMask=0x00000003, SubFormat=00000003-0000-0010-8000-00AA00389B71.
[LOG] OutputWASAPI::init                       : Output buffer size: 4096 samples, latency: 0.00ms, period: 10.00ms, DSP buffer: 1024 * 4
[LOG] Thread::initThread                       : Init FMOD stream thread. Affinity: 0x4000000000000003, Priority: 0xFFFF7FFB, Stack Size: 98304, Semaphore: No, Sleep Time: 10, Looping: Yes.
[LOG] Thread::initThread                       : Init FMOD mixer thread. Affinity: 0x4000000000000001, Priority: 0xFFFF7FFA, Stack Size: 81920, Semaphore: No, Sleep Time: 0, Looping: Yes.
[LOG] AsyncManager::init                       : manager 0000020E934F42D8 isAsync 0 updatePeriod 0.02
[LOG] AsyncManager::init                       : done
[LOG] PlaybackSystem::init                     : 
[LOG] Thread::initThread                       : Init FMOD Studio sample load thread. Affinity: 0x4000000000000003, Priority: 0xFFFF7FFD, Stack Size: 98304, Semaphore: No, Sleep Time: 1, Looping: No.
[LOG] PlaybackSystem::init                     : done
[LOG] Thread::initThread                       : Init FMOD Studio bank load thread. Affinity: 0x4000000000000003, Priority: 0xFFFF7FFD, Stack Size: 98304, Semaphore: No, Sleep Time: 1, Looping: No.
[LOG] Manager::init                            : done.
[LOG] Manager::readBank                        : fileversion = 142, compatVersion = 140 (oldest = 44, newest = 142)
[LOG] Manager::readBank                        : fileversion = 142, compatVersion = 140 (oldest = 44, newest = 142)
[LOG] Manager::readBank                        : fileversion = 142, compatVersion = 140 (oldest = 44, newest = 142)
[LOG] Manager::readBank                        : fileversion = 142, compatVersion = 140 (oldest = 44, newest = 142)
[LOG] PlaybackSystem::acquireMasterBus         : Setting master channel group format to 6
[LOG] Manager::readBank                        : fileversion = 142, compatVersion = 140 (oldest = 44, newest = 142)
[LOG] Manager::readBank                        : fileversion = 142, compatVersion = 140 (oldest = 44, newest = 142)
[LOG] SystemI::createSoundInternal             : Create name='', mode=0x02000202
[LOG] SystemI::createSoundInternal             : exinfo->cbsize             = 224
[LOG] SystemI::createSoundInternal             : exinfo->length             = 295744
[LOG] SystemI::createSoundInternal             : exinfo->fileoffset         = 27424
[LOG] SystemI::createSoundInternal             : exinfo->numsubsounds       = 1
[LOG] SystemI::createSoundInternal             : exinfo->inclusionlist      = 000000D6A3B4F5E8
[LOG] SystemI::createSoundInternal             : exinfo->inclusionlistnum   = 1
[LOG] SystemI::createSoundInternal             : exinfo->suggestedsoundtype = 5
[LOG] SystemI::createSoundInternal             : exinfo->useropen           = 00007FF8CB043F70
[LOG] SystemI::createSoundInternal             : exinfo->userclose          = 00007FF8CB043F30
[LOG] SystemI::createSoundInternal             : exinfo->userread           = 00007FF8CB044050
[LOG] SystemI::createSoundInternal             : exinfo->userseek           = 00007FF8CB044110
[LOG] SystemI::createSoundInternal             : exinfo->fileuserdata       = 0000020FE62BD138
[LOG] SystemI::createSoundInternal             : exinfo->initialseekpostype = 1
[LOG] SystemI::DSPCodecPoolRegister            : register codec pool for pool type 5
[LOG] SystemI::createSoundInternal             : Sample 0/1: name='ui_hover', format=5, channels=1, frequency=48000, lengthbytes=736, lengthpcm=2734, pcmblocksize=0, loopstart=0, loopend=0, mode=0x00000000, channelmask=0x00000000, channelorder=0, peakvolume=0.222260.
[LOG] SystemI::createSoundInternal             : Create name='', mode=0x02000202
[LOG] SystemI::createSoundInternal             : exinfo->cbsize             = 224
[LOG] SystemI::createSoundInternal             : exinfo->length             = 295744
[LOG] SystemI::createSoundInternal             : exinfo->fileoffset         = 27424
[LOG] SystemI::createSoundInternal             : exinfo->numsubsounds       = 1
[LOG] SystemI::createSoundInternal             : exinfo->inclusionlist      = 000000D6A3B4F5E8
[LOG] SystemI::createSoundInternal             : exinfo->inclusionlistnum   = 1
[LOG] SystemI::createSoundInternal             : exinfo->suggestedsoundtype = 5
[LOG] SystemI::createSoundInternal             : exinfo->useropen           = 00007FF8CB043F70
[LOG] SystemI::createSoundInternal             : exinfo->userclose          = 00007FF8CB043F30
[LOG] SystemI::createSoundInternal             : exinfo->userread           = 00007FF8CB044050
[LOG] SystemI::createSoundInternal             : exinfo->userseek           = 00007FF8CB044110
[LOG] SystemI::createSoundInternal             : exinfo->fileuserdata       = 0000020E96AB9C28
[LOG] SystemI::createSoundInternal             : exinfo->initialseekpostype = 1
[LOG] SystemI::DSPCodecPoolRegister            : register codec pool for pool type 5
[LOG] SystemI::createSoundInternal             : Sample 0/1: name='ui_click', format=5, channels=1, frequency=48000, lengthbytes=3296, lengthpcm=16161, pcmblocksize=0, loopstart=0, loopend=0, mode=0x00000000, channelmask=0x00000000, channelorder=0, peakvolume=0.316132.
[LOG] SystemI::createSoundInternal             : Create name='', mode=0x02000202
[LOG] SystemI::createSoundInternal             : exinfo->cbsize             = 224
[LOG] SystemI::createSoundInternal             : exinfo->length             = 295744
[LOG] SystemI::createSoundInternal             : exinfo->fileoffset         = 27424
[LOG] SystemI::createSoundInternal             : exinfo->numsubsounds       = 1
[LOG] SystemI::createSoundInternal             : exinfo->inclusionlist      = 000000D6A3B4F5E8
[LOG] SystemI::createSoundInternal             : exinfo->inclusionlistnum   = 1
[LOG] SystemI::createSoundInternal             : exinfo->suggestedsoundtype = 5
[LOG] SystemI::createSoundInternal             : exinfo->useropen           = 00007FF8CB043F70
[LOG] SystemI::createSoundInternal             : exinfo->userclose          = 00007FF8CB043F30
[LOG] SystemI::createSoundInternal             : exinfo->userread           = 00007FF8CB044050
[LOG] SystemI::createSoundInternal             : exinfo->userseek           = 00007FF8CB044110
[LOG] SystemI::createSoundInternal             : exinfo->fileuserdata       = 0000020FC00F02C8
[LOG] SystemI::createSoundInternal             : exinfo->initialseekpostype = 1
[LOG] SystemI::DSPCodecPoolRegister            : register codec pool for pool type 5
[LOG] SystemI::createSoundInternal             : Sample 0/1: name='walk_wood_3', format=5, channels=2, frequency=48000, lengthbytes=1920, lengthpcm=6882, pcmblocksize=0, loopstart=0, loopend=0, mode=0x00000000, channelmask=0x00000000, channelorder=0, peakvolume=0.101044.
[LOG] SystemI::createSoundInternal             : Create name='', mode=0x02000202
[LOG] SystemI::createSoundInternal             : exinfo->cbsize             = 224
[LOG] SystemI::createSoundInternal             : exinfo->length             = 295744
[LOG] SystemI::createSoundInternal             : exinfo->fileoffset         = 27424
[LOG] SystemI::createSoundInternal             : exinfo->numsubsounds       = 1
[LOG] SystemI::createSoundInternal             : exinfo->inclusionlist      = 000000D6A3B4F5E8
[LOG] SystemI::createSoundInternal             : exinfo->inclusionlistnum   = 1
[LOG] SystemI::createSoundInternal             : exinfo->suggestedsoundtype = 5
[LOG] SystemI::createSoundInternal             : exinfo->useropen           = 00007FF8CB043F70
[LOG] SystemI::createSoundInternal             : exinfo->userclose          = 00007FF8CB043F30
[LOG] SystemI::createSoundInternal             : exinfo->userread           = 00007FF8CB044050
[LOG] SystemI::createSoundInternal             : exinfo->userseek           = 00007FF8CB044110
[LOG] SystemI::createSoundInternal             : exinfo->fileuserdata       = 0000020FC00F02C8
[LOG] SystemI::createSoundInternal             : exinfo->initialseekpostype = 1
[LOG] SystemI::DSPCodecPoolRegister            : register codec pool for pool type 5
[LOG] SystemI::createSoundInternal             : Sample 0/1: name='walk_wood_4', format=5, channels=2, frequency=48000, lengthbytes=1888, lengthpcm=7201, pcmblocksize=0, loopstart=0, loopend=0, mode=0x00000000, channelmask=0x00000000, channelorder=0, peakvolume=0.158386.
[LOG] SystemI::createSoundInternal             : Create name='', mode=0x02000202
[LOG] SystemI::createSoundInternal             : exinfo->cbsize             = 224
[LOG] SystemI::createSoundInternal             : exinfo->length             = 295744
[LOG] SystemI::createSoundInternal             : exinfo->fileoffset         = 27424
[LOG] SystemI::createSoundInternal             : exinfo->numsubsounds       = 1
[LOG] SystemI::createSoundInternal             : exinfo->inclusionlist      = 000000D6A3B4F5E8
[LOG] SystemI::createSoundInternal             : exinfo->inclusionlistnum   = 1
[LOG] SystemI::createSoundInternal             : exinfo->suggestedsoundtype = 5
[LOG] SystemI::createSoundInternal             : exinfo->useropen           = 00007FF8CB043F70
[LOG] SystemI::createSoundInternal             : exinfo->userclose          = 00007FF8CB043F30
[LOG] SystemI::createSoundInternal             : exinfo->userread           = 00007FF8CB044050
[LOG] SystemI::createSoundInternal             : exinfo->userseek           = 00007FF8CB044110
[LOG] SystemI::createSoundInternal             : exinfo->fileuserdata       = 0000020FC00F02C8
[LOG] SystemI::createSoundInternal             : exinfo->initialseekpostype = 1
[LOG] SystemI::DSPCodecPoolRegister            : register codec pool for pool type 5
[LOG] SystemI::createSoundInternal             : Sample 0/1: name='walk_wood_2', format=5, channels=2, frequency=48000, lengthbytes=1536, lengthpcm=6614, pcmblocksize=0, loopstart=0, loopend=0, mode=0x00000000, channelmask=0x00000000, channelorder=0, peakvolume=0.106537.
[LOG] SystemI::createSoundInternal             : Create name='', mode=0x02000202
[LOG] SystemI::createSoundInternal             : exinfo->cbsize             = 224
[LOG] SystemI::createSoundInternal             : exinfo->length             = 295744
[LOG] SystemI::createSoundInternal             : exinfo->fileoffset         = 27424
[LOG] SystemI::createSoundInternal             : exinfo->numsubsounds       = 1
[LOG] SystemI::createSoundInternal             : exinfo->inclusionlist      = 000000D6A3B4F5E8
[LOG] SystemI::createSoundInternal             : exinfo->inclusionlistnum   = 1
[LOG] SystemI::createSoundInternal             : exinfo->suggestedsoundtype = 5
[LOG] SystemI::createSoundInternal             : exinfo->useropen           = 00007FF8CB043F70
[LOG] SystemI::createSoundInternal             : exinfo->userclose          = 00007FF8CB043F30
[LOG] SystemI::createSoundInternal             : exinfo->userread           = 00007FF8CB044050
[LOG] SystemI::createSoundInternal             : exinfo->userseek           = 00007FF8CB044110
[LOG] SystemI::createSoundInternal             : exinfo->fileuserdata       = 0000020FC00F02C8
[LOG] SystemI::createSoundInternal             : exinfo->initialseekpostype = 1
[LOG] SystemI::DSPCodecPoolRegister            : register codec pool for pool type 5
[LOG] SystemI::createSoundInternal             : Sample 0/1: name='walk_wood_1', format=5, channels=2, frequency=48000, lengthbytes=1632, lengthpcm=6613, pcmblocksize=0, loopstart=0, loopend=0, mode=0x00000000, channelmask=0x00000000, channelorder=0, peakvolume=0.078400.
[LOG] SystemI::createSoundInternal             : Create name='', mode=0x02000202
[LOG] SystemI::createSoundInternal             : exinfo->cbsize             = 224
[LOG] SystemI::createSoundInternal             : exinfo->length             = 295744
[LOG] SystemI::createSoundInternal             : exinfo->fileoffset         = 27424
[LOG] SystemI::createSoundInternal             : exinfo->numsubsounds       = 1
[LOG] SystemI::createSoundInternal             : exinfo->inclusionlist      = 000000D6A3B4F5E8
[LOG] SystemI::createSoundInternal             : exinfo->inclusionlistnum   = 1
[LOG] SystemI::createSoundInternal             : exinfo->suggestedsoundtype = 5
[LOG] SystemI::createSoundInternal             : exinfo->useropen           = 00007FF8CB043F70
[LOG] SystemI::createSoundInternal             : exinfo->userclose          = 00007FF8CB043F30
[LOG] SystemI::createSoundInternal             : exinfo->userread           = 00007FF8CB044050
[LOG] SystemI::createSoundInternal             : exinfo->userseek           = 00007FF8CB044110
[LOG] SystemI::createSoundInternal             : exinfo->fileuserdata       = 0000020E9779AAA8
[LOG] SystemI::createSoundInternal             : exinfo->initialseekpostype = 1
[LOG] SystemI::DSPCodecPoolRegister            : register codec pool for pool type 5
[LOG] SystemI::createSoundInternal             : Sample 0/1: name='item_trash', format=5, channels=1, frequency=48000, lengthbytes=11520, lengthpcm=71930, pcmblocksize=0, loopstart=0, loopend=0, mode=0x00000000, channelmask=0x00000000, channelorder=0, peakvolume=0.467651.
[LOG] SystemI::createSoundInternal             : Create name='', mode=0x02000202
[LOG] SystemI::createSoundInternal             : exinfo->cbsize             = 224
[LOG] SystemI::createSoundInternal             : exinfo->length             = 295744
[LOG] SystemI::createSoundInternal             : exinfo->fileoffset         = 27424
[LOG] SystemI::createSoundInternal             : exinfo->numsubsounds       = 1
[LOG] SystemI::createSoundInternal             : exinfo->inclusionlist      = 000000D6A3B4F5E8
[LOG] SystemI::createSoundInternal             : exinfo->inclusionlistnum   = 1
[LOG] SystemI::createSoundInternal             : exinfo->suggestedsoundtype = 5
[LOG] SystemI::createSoundInternal             : exinfo->useropen           = 00007FF8CB043F70
[LOG] SystemI::createSoundInternal             : exinfo->userclose          = 00007FF8CB043F30
[LOG] SystemI::createSoundInternal             : exinfo->userread           = 00007FF8CB044050
[LOG] SystemI::createSoundInternal             : exinfo->userseek           = 00007FF8CB044110
[LOG] SystemI::createSoundInternal             : exinfo->fileuserdata       = 0000020FC00F1348
[LOG] SystemI::createSoundInternal             : exinfo->initialseekpostype = 1
[LOG] SystemI::DSPCodecPoolRegister            : register codec pool for pool type 5
[LOG] SystemI::createSoundInternal             : Sample 0/1: name='cart_move', format=5, channels=1, frequency=48000, lengthbytes=4832, lengthpcm=27998, pcmblocksize=0, loopstart=0, loopend=0, mode=0x00000000, channelmask=0x00000000, channelorder=0, peakvolume=0.147644.
[LOG] SystemI::createSoundInternal             : Create name='', mode=0x02000202
[LOG] SystemI::createSoundInternal             : exinfo->cbsize             = 224
[LOG] SystemI::createSoundInternal             : exinfo->length             = 295744
[LOG] SystemI::createSoundInternal             : exinfo->fileoffset         = 27424
[LOG] SystemI::createSoundInternal             : exinfo->numsubsounds       = 1
[LOG] SystemI::createSoundInternal             : exinfo->inclusionlist      = 000000D6A3B4F5E8
[LOG] SystemI::createSoundInternal             : exinfo->inclusionlistnum   = 1
[LOG] SystemI::createSoundInternal             : exinfo->suggestedsoundtype = 5
[LOG] SystemI::createSoundInternal             : exinfo->useropen           = 00007FF8CB043F70
[LOG] SystemI::createSoundInternal             : exinfo->userclose          = 00007FF8CB043F30
[LOG] SystemI::createSoundInternal             : exinfo->userread           = 00007FF8CB044050
[LOG] SystemI::createSoundInternal             : exinfo->userseek           = 00007FF8CB044110
[LOG] SystemI::createSoundInternal             : exinfo->fileuserdata       = 0000020FC00F02C8
[LOG] SystemI::createSoundInternal             : exinfo->initialseekpostype = 1
[LOG] SystemI::DSPCodecPoolRegister            : register codec pool for pool type 5
[LOG] SystemI::createSoundInternal             : Sample 0/1: name='kitchen_door_close', format=5, channels=2, frequency=48000, lengthbytes=4384, lengthpcm=21902, pcmblocksize=0, loopstart=0, loopend=0, mode=0x00000000, channelmask=0x00000000, channelorder=0, peakvolume=0.106750.
[LOG] SystemI::createSoundInternal             : Create name='', mode=0x02000202
[LOG] SystemI::createSoundInternal             : exinfo->cbsize             = 224
[LOG] SystemI::createSoundInternal             : exinfo->length             = 295744
[LOG] SystemI::createSoundInternal             : exinfo->fileoffset         = 27424
[LOG] SystemI::createSoundInternal             : exinfo->numsubsounds       = 1
[LOG] SystemI::createSoundInternal             : exinfo->inclusionlist      = 000000D6A3B4F5E8
[LOG] SystemI::createSoundInternal             : exinfo->inclusionlistnum   = 1
[LOG] SystemI::createSoundInternal             : exinfo->suggestedsoundtype = 5
[LOG] SystemI::createSoundInternal             : exinfo->useropen           = 00007FF8CB043F70
[LOG] SystemI::createSoundInternal             : exinfo->userclose          = 00007FF8CB043F30
[LOG] SystemI::createSoundInternal             : exinfo->userread           = 00007FF8CB044050
[LOG] SystemI::createSoundInternal             : exinfo->userseek           = 00007FF8CB044110
[LOG] SystemI::createSoundInternal             : exinfo->fileuserdata       = 0000020FC00F08F8
[LOG] SystemI::createSoundInternal             : exinfo->initialseekpostype = 1
[LOG] SystemI::DSPCodecPoolRegister            : register codec pool for pool type 5
[LOG] SystemI::createSoundInternal             : Sample 0/1: name='item_pickup_new', format=5, channels=1, frequency=48000, lengthbytes=2976, lengthpcm=14741, pcmblocksize=0, loopstart=0, loopend=0, mode=0x00000000, channelmask=0x00000000, channelorder=0, peakvolume=0.574219.
[LOG] SystemI::createSoundInternal             : Create name='', mode=0x02000202
[LOG] SystemI::createSoundInternal             : exinfo->cbsize             = 224
[LOG] SystemI::createSoundInternal             : exinfo->length             = 295744
[LOG] SystemI::createSoundInternal             : exinfo->fileoffset         = 27424
[LOG] SystemI::createSoundInternal             : exinfo->numsubsounds       = 1
[LOG] SystemI::createSoundInternal             : exinfo->inclusionlist      = 000000D6A3B4F5E8
[LOG] SystemI::createSoundInternal             : exinfo->inclusionlistnum   = 1
[LOG] SystemI::createSoundInternal             : exinfo->suggestedsoundtype = 5
[LOG] SystemI::createSoundInternal             : exinfo->useropen           = 00007FF8CB043F70
[LOG] SystemI::createSoundInternal             : exinfo->userclose          = 00007FF8CB043F30
[LOG] SystemI::createSoundInternal             : exinfo->userread           = 00007FF8CB044050
[LOG] SystemI::createSoundInternal             : exinfo->userseek           = 00007FF8CB044110
[LOG] SystemI::createSoundInternal             : exinfo->fileuserdata       = 0000020FC00F00B8
[LOG] SystemI::createSoundInternal             : exinfo->initialseekpostype = 1
[LOG] SystemI::DSPCodecPoolRegister            : register codec pool for pool type 5
[LOG] SystemI::createSoundInternal             : Sample 0/1: name='waffle_pour', format=5, channels=2, frequency=48000, lengthbytes=37760, lengthpcm=224470, pcmblocksize=0, loopstart=0, loopend=0, mode=0x00000000, channelmask=0x00000000, channelorder=0, peakvolume=0.095581.
[LOG] SystemI::createSoundInternal             : Create name='', mode=0x02000202
[LOG] SystemI::createSoundInternal             : exinfo->cbsize             = 224
[LOG] SystemI::createSoundInternal             : exinfo->length             = 295744
[LOG] SystemI::createSoundInternal             : exinfo->fileoffset         = 27424
[LOG] SystemI::createSoundInternal             : exinfo->numsubsounds       = 1
[LOG] SystemI::createSoundInternal             : exinfo->inclusionlist      = 000000D6A3B4F5E8
[LOG] SystemI::createSoundInternal             : exinfo->inclusionlistnum   = 1
[LOG] SystemI::createSoundInternal             : exinfo->suggestedsoundtype = 5
[LOG] SystemI::createSoundInternal             : exinfo->useropen           = 00007FF8CB043F70
[LOG] SystemI::createSoundInternal             : exinfo->userclose          = 00007FF8CB043F30
[LOG] SystemI::createSoundInternal             : exinfo->userread           = 00007FF8CB044050
[LOG] SystemI::createSoundInternal             : exinfo->userseek           = 00007FF8CB044110
[LOG] SystemI::createSoundInternal             : exinfo->fileuserdata       = 0000020FC00F00B8
[LOG] SystemI::createSoundInternal             : exinfo->initialseekpostype = 1
[LOG] SystemI::DSPCodecPoolRegister            : register codec pool for pool type 5
[LOG] SystemI::createSoundInternal             : Sample 0/1: name='customer_enter', format=5, channels=1, frequency=48000, lengthbytes=19488, lengthpcm=115635, pcmblocksize=0, loopstart=0, loopend=0, mode=0x00000000, channelmask=0x00000000, channelorder=0, peakvolume=0.254608.
[LOG] SystemI::createSoundInternal             : Create name='', mode=0x02000202
[LOG] SystemI::createSoundInternal             : exinfo->cbsize             = 224
[LOG] SystemI::createSoundInternal             : exinfo->length             = 295744
[LOG] SystemI::createSoundInternal             : exinfo->fileoffset         = 27424
[LOG] SystemI::createSoundInternal             : exinfo->numsubsounds       = 1
[LOG] SystemI::createSoundInternal             : exinfo->inclusionlist      = 000000D6A3B4F5E8
[LOG] SystemI::createSoundInternal             : exinfo->inclusionlistnum   = 1
[LOG] SystemI::createSoundInternal             : exinfo->suggestedsoundtype = 5
[LOG] SystemI::createSoundInternal             : exinfo->useropen           = 00007FF8CB043F70
[LOG] SystemI::createSoundInternal             : exinfo->userclose          = 00007FF8CB043F30
[LOG] SystemI::createSoundInternal             : exinfo->userread           = 00007FF8CB044050
[LOG] SystemI::createSoundInternal             : exinfo->userseek           = 00007FF8CB044110
[LOG] SystemI::createSoundInternal             : exinfo->fileuserdata       = 0000020FC00F1558
[LOG] SystemI::createSoundInternal             : exinfo->initialseekpostype = 1
[LOG] SystemI::DSPCodecPoolRegister            : register codec pool for pool type 5
[LOG] SystemI::createSoundInternal             : Sample 0/1: name='station_ticking', format=5, channels=2, frequency=48000, lengthbytes=39168, lengthpcm=186480, pcmblocksize=0, loopstart=0, loopend=0, mode=0x00000000, channelmask=0x00000000, channelorder=0, peakvolume=0.059723.
[LOG] SystemI::createSoundInternal             : Create name='', mode=0x02000202
[LOG] SystemI::createSoundInternal             : exinfo->cbsize             = 224
[LOG] SystemI::createSoundInternal             : exinfo->length             = 295744
[LOG] SystemI::createSoundInternal             : exinfo->fileoffset         = 27424
[LOG] SystemI::createSoundInternal             : exinfo->numsubsounds       = 1
[LOG] SystemI::createSoundInternal             : exinfo->inclusionlist      = 000000D6A3B4F5E8
[LOG] SystemI::createSoundInternal             : exinfo->inclusionlistnum   = 1
[LOG] SystemI::createSoundInternal             : exinfo->suggestedsoundtype = 5
[LOG] SystemI::createSoundInternal             : exinfo->useropen           = 00007FF8CB043F70
[LOG] SystemI::createSoundInternal             : exinfo->userclose          = 00007FF8CB043F30
[LOG] SystemI::createSoundInternal             : exinfo->userread           = 00007FF8CB044050
[LOG] SystemI::createSoundInternal             : exinfo->userseek           = 00007FF8CB044110
[LOG] SystemI::createSoundInternal             : exinfo->fileuserdata       = 0000020FC00F0F28
[LOG] SystemI::createSoundInternal             : exinfo->initialseekpostype = 1
[LOG] SystemI::DSPCodecPoolRegister            : register codec pool for pool type 5
[LOG] SystemI::createSoundInternal             : Sample 0/1: name='station_ding', format=5, channels=2, frequency=48000, lengthbytes=12448, lengthpcm=58915, pcmblocksize=0, loopstart=0, loopend=0, mode=0x00000000, channelmask=0x00000000, channelorder=0, peakvolume=0.317474.
[LOG] SoundI::release                          :  (0000020FBF9134C8)
[LOG] SoundI::release                          :     ship_ambience (0000020EA3454D48)
[LOG] SoundI::release                          :  (0000020FBFC28C08)
[LOG] SoundI::release                          :     a prestine dish 3 (0000020EA3455088)
[LOG] SoundI::release                          :  (0000020FBFC28A98)
[LOG] SoundI::release                          :     The Menu, Please (0000020EA344E548)
[LOG] SoundI::release                          :  (0000020FBFC28928)
[LOG] SoundI::release                          :     orderup2 (0000020EA3455568)
[LOG] SoundI::release                          :  (0000020FBFC284D8)
[LOG] SoundI::release                          :     ui_hover (0000021062DF0F48)
[LOG] SoundI::release                          :  (0000020CA1BDE6C8)
[LOG] SoundI::release                          :     ui_click (0000021062DF3E68)
[LOG] SoundI::release                          :  (0000020F7CBF2568)
[LOG] SoundI::release                          :     kitchen_door_close (0000021062DF4348)
[LOG] SoundI::release                          :  (0000020F7CBF1598)
[LOG] SoundI::release                          :     item_pickup_new (0000021062DF08C8)
[LOG] SoundI::release                          :  (0000020F7CBF1B58)
[LOG] SoundI::release                          :     waffle_pour (0000021062DF2128)
[LOG] SoundI::release                          :  (0000020F7CBF1E38)
[LOG] SoundI::release                          :     customer_enter (0000021062DF3B28)
[LOG] SoundI::release                          :  (0000020F7CBF0CF8)
[LOG] SoundI::release                          :     station_ding (0000021062DF1DE8)
[LOG] SoundI::release                          :  (0000020F7CBF12B8)
[LOG] SoundI::release                          :     cart_move (0000021062DF4008)
[LOG] SoundI::release                          :  (0000020F7CBF0A18)
[LOG] SoundI::release                          :     walk_wood_1 (0000021062DF1AA8)
[LOG] SoundI::release                          :  (0000020F7CBF1FA8)
[LOG] SoundI::release                          :     walk_wood_2 (0000021062DF3168)
[LOG] SoundI::release                          :  (0000020F7CBF26D8)
[LOG] SoundI::release                          :     walk_wood_3 (0000021062DF41A8)
[LOG] SoundI::release                          :  (0000020F7CBF08A8)
[LOG] SoundI::release                          :     walk_wood_4 (0000021062DF0588)
[LOG] SoundI::release                          :  (0000020FE6996208)
[LOG] SoundI::release                          :     item_trash (0000021062DF63C8)
[LOG] SoundI::release                          :  (0000020F7CBF0B88)
[LOG] SoundI::release                          :     station_ticking (0000021062DF49C8)
[LOG] Thread::callback                         : FMOD Studio update thread finished.
[LOG] Thread::callback                         : FMOD Studio bank load thread finished.
[LOG] Profile::disconnectAll                   : Profiler disconnecting all clients
[LOG] Thread::callback                         : FMOD Studio sample load thread finished.
[LOG] LiveUpdate::release                      : 
[LOG] LiveUpdate::reset                        : Reset connection (reason Disconnected)
[LOG] Thread::callback                         : FMOD stream thread finished.
[LOG] Thread::callback                         : FMOD mixer thread finished.
[LOG] Profile::disconnectAll                   : Profiler disconnecting all clients
[LOG] SystemI::close                           : Closed.
[LOG] Thread::callback                         : FMOD Studio bank load thread finished.
[LOG] Thread::callback                         : FMOD Studio sample load thread finished.
[LOG] LiveUpdate::release                      : 
[LOG] LiveUpdate::reset                        : Reset connection (reason Disconnected)
[LOG] Thread::callback                         : FMOD stream thread finished.
[LOG] Thread::callback                         : FMOD mixer thread finished.
[LOG] SystemI::close                           : Closed.
